<?xml version="1.0" encoding="UTF-8"?>
<testsuite xmlns:xsi="http://www.w3.org/2001/XMLSchema-instance" xsi:noNamespaceSchemaLocation="https://maven.apache.org/surefire/maven-surefire-plugin/xsd/surefire-test-report.xsd" version="3.0.2" name="vitoriamrfontana.unitetests.mapper.ObjectMapperTests" time="0.296" tests="4" errors="0" skipped="0" failures="0">
  <properties>
[...]
</properties>
  <testcase name="parserDTOListToEntityListTest" classname="vitoriamrfontana.unitetests.mapper.ObjectMapperTests" time="0.267">
    <system-out><![CDATA[2026-03-13T14:45:55.804-03:00  INFO 15636 --- [rest-with-spring-boot-and-java-erudio] [           main] c.g.dozermapper.core.util.RuntimeUtils   : OSGi support is false
2026-03-13T14:45:55.818-03:00  INFO 15636 --- [rest-with-spring-boot-and-java-erudio] [           main] c.g.d.core.DozerBeanMapperBuilder        : Initializing Dozer. Version: 7.0.0, Thread Name: main
2026-03-13T14:45:55.833-03:00  INFO 15636 --- [rest-with-spring-boot-and-java-erudio] [           main] d.c.c.r.LegacyPropertiesSettingsResolver : Trying to find Dozer configuration file: dozer.properties
2026-03-13T14:45:55.835-03:00  INFO 15636 --- [rest-with-spring-boot-and-java-erudio] [           main] d.c.c.r.LegacyPropertiesSettingsResolver : Failed to find dozer.properties via com.github.dozermapper.core.config.resolvers.LegacyPropertiesSettingsResolver.
2026-03-13T14:45:55.849-03:00  INFO 15636 --- [rest-with-spring-boot-and-java-erudio] [           main] c.g.d.core.el.ELExpressionFactory        : jakarta.el is not supported; Failed to resolve ExpressionFactory, com.sun.el.ExpressionFactoryImpl
]]></system-out>
  </testcase>
  <testcase name="parseEntityToDTOTest" classname="vitoriamrfontana.unitetests.mapper.ObjectMapperTests" time="0.004"/>
  <testcase name="parseDTOToEntityTest" classname="vitoriamrfontana.unitetests.mapper.ObjectMapperTests" time="0.003"/>
  <testcase name="parseEntityListToDTOListTest" classname="vitoriamrfontana.unitetests.mapper.ObjectMapperTests" time="0.015"/>
</testsuite>