<?xml version="1.0" encoding="UTF-8"?>
<testsuite xmlns:xsi="http://www.w3.org/2001/XMLSchema-instance" xsi:noNamespaceSchemaLocation="https://maven.apache.org/surefire/maven-surefire-plugin/xsd/surefire-test-report.xsd" version="3.0.2" name="vitoriamrfontana.StartupTests" time="11.203" tests="1" errors="0" skipped="0" failures="0">
  <properties>
[...]
</properties>
  <testcase name="contextLoads" classname="vitoriamrfontana.StartupTests" time="0.893">
    <system-out><![CDATA[14:45:45.221 [main] INFO org.springframework.test.context.support.AnnotationConfigContextLoaderUtils -- Could not detect default configuration classes for test class [vitoriamrfontana.StartupTests]: StartupTests does not declare any static, non-private, non-final, nested classes annotated with @Configuration.
14:45:45.549 [main] INFO org.springframework.boot.test.context.SpringBootTestContextBootstrapper -- Found @SpringBootConfiguration vitoriamrfontana.Startup for test class vitoriamrfontana.StartupTests
14:45:46.479 [main] INFO org.springframework.boot.devtools.restart.RestartApplicationListener -- Restart disabled due to context in which it is running

  .   ____          _            __ _ _
 /\\ / ___'_ __ _ _(_)_ __  __ _ \ \ \ \
( ( )\___ | '_ | '_| | '_ \/ _` | \ \ \ \
 \\/  ___)| |_)| | | | | || (_| |  ) ) ) )
  '  |____| .__|_| |_|_| |_\__, | / / / /
 =========|_|==============|___/=/_/_/_/

 :: Spring Boot ::                (v3.4.0)

2026-03-13T14:45:47.283-03:00  INFO 15636 --- [rest-with-spring-boot-and-java-erudio] [           main] vitoriamrfontana.StartupTests            : Starting StartupTests using Java 22.0.2 with PID 15636 (started by 07405773109 in C:\Users\07405773109\Desktop\automated-tests-with-java-erudio\rest-with-spring-boot-and-java-erudio\rest-with-spring-boot-and-java-erudio)
2026-03-13T14:45:47.284-03:00  INFO 15636 --- [rest-with-spring-boot-and-java-erudio] [           main] vitoriamrfontana.StartupTests            : No active profile set, falling back to 1 default profile: "default"
2026-03-13T14:45:48.592-03:00  INFO 15636 --- [rest-with-spring-boot-and-java-erudio] [           main] .s.d.r.c.RepositoryConfigurationDelegate : Bootstrapping Spring Data JPA repositories in DEFAULT mode.
2026-03-13T14:45:48.789-03:00  INFO 15636 --- [rest-with-spring-boot-and-java-erudio] [           main] .s.d.r.c.RepositoryConfigurationDelegate : Finished Spring Data repository scanning in 170 ms. Found 1 JPA repository interface.
2026-03-13T14:45:49.697-03:00  INFO 15636 --- [rest-with-spring-boot-and-java-erudio] [           main] com.zaxxer.hikari.HikariDataSource       : HikariPool-1 - Starting...
2026-03-13T14:45:50.222-03:00  INFO 15636 --- [rest-with-spring-boot-and-java-erudio] [           main] com.zaxxer.hikari.pool.HikariPool        : HikariPool-1 - Added connection com.mysql.cj.jdbc.ConnectionImpl@3f0ce0d1
2026-03-13T14:45:50.225-03:00  INFO 15636 --- [rest-with-spring-boot-and-java-erudio] [           main] com.zaxxer.hikari.HikariDataSource       : HikariPool-1 - Start completed.
2026-03-13T14:45:50.306-03:00  INFO 15636 --- [rest-with-spring-boot-and-java-erudio] [           main] org.flywaydb.core.FlywayExecutor         : Database: jdbc:mysql://localhost:3306/rest_with_spring_boot_erudio?useTimezone=true&serverTimezone=UTC (MySQL 8.0)
2026-03-13T14:45:50.424-03:00  INFO 15636 --- [rest-with-spring-boot-and-java-erudio] [           main] o.f.core.internal.command.DbValidate     : Successfully validated 2 migrations (execution time 00:00.058s)
2026-03-13T14:45:50.455-03:00  INFO 15636 --- [rest-with-spring-boot-and-java-erudio] [           main] o.f.core.internal.command.DbMigrate      : Current version of schema `rest_with_spring_boot_erudio`: 2
2026-03-13T14:45:50.462-03:00  INFO 15636 --- [rest-with-spring-boot-and-java-erudio] [           main] o.f.core.internal.command.DbMigrate      : Schema `rest_with_spring_boot_erudio` is up to date. No migration necessary.
2026-03-13T14:45:50.754-03:00  INFO 15636 --- [rest-with-spring-boot-and-java-erudio] [           main] o.hibernate.jpa.internal.util.LogHelper  : HHH000204: Processing PersistenceUnitInfo [name: default]
2026-03-13T14:45:50.940-03:00  INFO 15636 --- [rest-with-spring-boot-and-java-erudio] [           main] org.hibernate.Version                    : HHH000412: Hibernate ORM core version 6.6.2.Final
2026-03-13T14:45:51.022-03:00  INFO 15636 --- [rest-with-spring-boot-and-java-erudio] [           main] o.h.c.internal.RegionFactoryInitiator    : HHH000026: Second-level cache disabled
2026-03-13T14:45:51.901-03:00  INFO 15636 --- [rest-with-spring-boot-and-java-erudio] [           main] o.s.o.j.p.SpringPersistenceUnitInfo      : No LoadTimeWeaver setup: ignoring JPA class transformer
2026-03-13T14:45:52.020-03:00  INFO 15636 --- [rest-with-spring-boot-and-java-erudio] [           main] org.hibernate.orm.connections.pooling    : HHH10001005: Database info:
	Database JDBC URL [Connecting through datasource 'HikariDataSource (HikariPool-1)']
	Database driver: undefined/unknown
	Database version: 8.0.45
	Autocommit mode: undefined/unknown
	Isolation level: undefined/unknown
	Minimum pool size: undefined/unknown
	Maximum pool size: undefined/unknown
2026-03-13T14:45:53.082-03:00  INFO 15636 --- [rest-with-spring-boot-and-java-erudio] [           main] o.h.e.t.j.p.i.JtaPlatformInitiator       : HHH000489: No JTA platform available (set 'hibernate.transaction.jta.platform' to enable JTA platform integration)
2026-03-13T14:45:53.127-03:00  INFO 15636 --- [rest-with-spring-boot-and-java-erudio] [           main] j.LocalContainerEntityManagerFactoryBean : Initialized JPA EntityManagerFactory for persistence unit 'default'
2026-03-13T14:45:54.796-03:00  INFO 15636 --- [rest-with-spring-boot-and-java-erudio] [           main] vitoriamrfontana.StartupTests            : Started StartupTests in 8.386 seconds (process running for 11.718)
]]></system-out>
    <system-err><![CDATA[Mockito is currently self-attaching to enable the inline-mock-maker. This will no longer work in future releases of the JDK. Please add Mockito as an agent to your build what is described in Mockito's documentation: https://javadoc.io/doc/org.mockito/mockito-core/latest/org/mockito/Mockito.html#0.3
WARNING: A Java agent has been loaded dynamically (C:\Users\07405773109\.m2\repository\net\bytebuddy\byte-buddy-agent\1.15.10\byte-buddy-agent-1.15.10.jar)
WARNING: If a serviceability tool is in use, please run with -XX:+EnableDynamicAgentLoading to hide this warning
WARNING: If a serviceability tool is not in use, please run with -Djdk.instrument.traceUsage for more information
WARNING: Dynamic loading of agents will be disallowed by default in a future release
]]></system-err>
  </testcase>
</testsuite>