<?xml version="1.0" encoding="UTF-8"?>
<testsuite xmlns:xsi="http://www.w3.org/2001/XMLSchema-instance" xsi:noNamespaceSchemaLocation="https://maven.apache.org/surefire/maven-surefire-plugin/xsd/surefire-test-report.xsd" version="3.0.2" name="vitoriamrfontana.unittests.services.PersonServicesTest" time="0.183" tests="8" errors="0" skipped="0" failures="0">
  <properties>
[...]
</properties>
  <testcase name="create" classname="vitoriamrfontana.unittests.services.PersonServicesTest" time="0.12">
    <system-out><![CDATA[2026-03-21T17:15:18.639-03:00  INFO 13580 --- [rest-with-spring-boot-and-java-erudio] [           main] v.unittests.services.PersonServices      : Creating one People!
]]></system-out>
  </testcase>
  <testcase name="delete" classname="vitoriamrfontana.unittests.services.PersonServicesTest" time="0.005">
    <system-out><![CDATA[2026-03-21T17:15:18.675-03:00  INFO 13580 --- [rest-with-spring-boot-and-java-erudio] [           main] v.unittests.services.PersonServices      : Deleting one Person!
]]></system-out>
  </testcase>
  <testcase name="findAll" classname="vitoriamrfontana.unittests.services.PersonServicesTest" time="0.03">
    <system-out><![CDATA[2026-03-21T17:15:18.681-03:00  INFO 13580 --- [rest-with-spring-boot-and-java-erudio] [           main] v.unittests.services.PersonServices      : Finding all People!
]]></system-out>
  </testcase>
  <testcase name="update" classname="vitoriamrfontana.unittests.services.PersonServicesTest" time="0.008">
    <system-out><![CDATA[2026-03-21T17:15:18.712-03:00  INFO 13580 --- [rest-with-spring-boot-and-java-erudio] [           main] v.unittests.services.PersonServices      : Updating one People!
]]></system-out>
  </testcase>
  <testcase name="findById" classname="vitoriamrfontana.unittests.services.PersonServicesTest" time="0.006">
    <system-out><![CDATA[2026-03-21T17:15:18.718-03:00  INFO 13580 --- [rest-with-spring-boot-and-java-erudio] [           main] v.unittests.services.PersonServices      : Find one Person!
]]></system-out>
  </testcase>
  <testcase name="testUpdateWithNullPerson" classname="vitoriamrfontana.unittests.services.PersonServicesTest" time="0.004"/>
  <testcase name="testCreateWithNullPerson" classname="vitoriamrfontana.unittests.services.PersonServicesTest" time="0.002"/>
  <testcase name="createV2" classname="vitoriamrfontana.unittests.services.PersonServicesTest" time="0.003"/>
</testsuite>