<?xml version="1.0" encoding="UTF-8"?>
<testsuite xmlns:xsi="http://www.w3.org/2001/XMLSchema-instance" xsi:noNamespaceSchemaLocation="https://maven.apache.org/surefire/maven-surefire-plugin/xsd/surefire-test-report.xsd" version="3.0.2" name="vitoriamrfontana.StartupTests" time="4.873" tests="1" errors="0" skipped="0" failures="0">
  <properties>
[...]
</properties>
  <testcase name="contextLoads" classname="vitoriamrfontana.StartupTests" time="1.112">
    <system-out><![CDATA[12:28:11.691 [main] INFO org.springframework.test.context.support.AnnotationConfigContextLoaderUtils -- Could not detect default configuration classes for test class [vitoriamrfontana.StartupTests]: StartupTests does not declare any static, non-private, non-final, nested classes annotated with @Configuration.
12:28:11.874 [main] INFO org.springframework.boot.test.context.SpringBootTestContextBootstrapper -- Found @SpringBootConfiguration vitoriamrfontana.Startup for test class vitoriamrfontana.StartupTests
12:28:12.210 [main] INFO org.springframework.boot.devtools.restart.RestartApplicationListener -- Restart disabled due to context in which it is running

  .   ____          _            __ _ _
 /\\ / ___'_ __ _ _(_)_ __  __ _ \ \ \ \
( ( )\___ | '_ | '_| | '_ \/ _` | \ \ \ \
 \\/  ___)| |_)| | | | | || (_| |  ) ) ) )
  '  |____| .__|_| |_|_| |_\__, | / / / /
 =========|_|==============|___/=/_/_/_/

 :: Spring Boot ::                (v4.0.3)

2026-03-09T12:28:12.788-03:00  INFO 14508 --- [           main] vitoriamrfontana.StartupTests            : Starting StartupTests using Java 22.0.2 with PID 14508 (started by 07405773109 in C:\Users\07405773109\Desktop\automated-tests-with-java-erudio\rest-with-spring-boot-and-java-erudio\rest-with-spring-boot-and-java-erudio)
2026-03-09T12:28:12.790-03:00  INFO 14508 --- [           main] vitoriamrfontana.StartupTests            : No active profile set, falling back to 1 default profile: "default"
2026-03-09T12:28:14.907-03:00  INFO 14508 --- [           main] vitoriamrfontana.StartupTests            : Started StartupTests in 2.72 seconds (process running for 4.729)
]]></system-out>
    <system-err><![CDATA[Mockito is currently self-attaching to enable the inline-mock-maker. This will no longer work in future releases of the JDK. Please add Mockito as an agent to your build as described in Mockito's documentation: https://javadoc.io/doc/org.mockito/mockito-core/latest/org.mockito/org/mockito/Mockito.html#0.3
WARNING: A Java agent has been loaded dynamically (C:\Users\07405773109\.m2\repository\net\bytebuddy\byte-buddy-agent\1.17.8\byte-buddy-agent-1.17.8.jar)
WARNING: If a serviceability tool is in use, please run with -XX:+EnableDynamicAgentLoading to hide this warning
WARNING: If a serviceability tool is not in use, please run with -Djdk.instrument.traceUsage for more information
WARNING: Dynamic loading of agents will be disallowed by default in a future release
]]></system-err>
  </testcase>
</testsuite>